Added Component: Designator=*1(MPU6050)
Added Component: Designator=D*1(DATA_PIN_HEADER_4_2.54m)
Added Component: Designator=D*2(DATA_PIN_HEADER_4_2.54m)
Added Component: Designator=D*3(DATA_PIN_HEADER_5_2.54m)
Added Component: Designator=STM*1(STM32)
Added Component: Designator=T*(Terminal_block_2pins_3.5mm)
Added Pin To Net: NetName=\ Pin=*1-VCC
Added Pin To Net: NetName=\ Pin=D*1-1
Added Pin To Net: NetName=\ Pin=D*2-1
Added Pin To Net: NetName=\ Pin=STM*1-5V
Added Pin To Net: NetName=\ Pin=T*-1
Added Net: Name=\
Added Pin To Net: NetName=DR1 Pin=D*3-5
Added Pin To Net: NetName=DR1 Pin=STM*1-PA_11
Added Net: Name=DR1
Added Pin To Net: NetName=DR2 Pin=D*3-3
Added Pin To Net: NetName=DR2 Pin=STM*1-PA_9
Added Net: Name=DR2
Added Pin To Net: NetName=echo Pin=D*1-3
Added Pin To Net: NetName=echo Pin=STM*1-PB_10
Added Net: Name=echo
Added Pin To Net: NetName=encoderA Pin=D*2-3
Added Net: Name=encoderA
Added Pin To Net: NetName=encoderB Pin=D*2-4
Added Net: Name=encoderB
Added Pin To Net: NetName=GND Pin=*1-GND
Added Pin To Net: NetName=GND Pin=D*1-4
Added Pin To Net: NetName=GND Pin=D*2-2
Added Pin To Net: NetName=GND Pin=D*3-1
Added Pin To Net: NetName=GND Pin=STM*1-GND
Added Pin To Net: NetName=GND Pin=STM*1-GND
Added Pin To Net: NetName=GND Pin=STM*1-GND
Added Pin To Net: NetName=GND Pin=T*-2
Added Net: Name=GND
Added Pin To Net: NetName=pwm1 Pin=D*3-4
Added Pin To Net: NetName=pwm1 Pin=STM*1-PA_10
Added Net: Name=pwm1
Added Pin To Net: NetName=pwm2 Pin=D*3-2
Added Pin To Net: NetName=pwm2 Pin=STM*1-PA_8
Added Net: Name=pwm2
Added Pin To Net: NetName=SCL Pin=*1-SCL
Added Pin To Net: NetName=SCL Pin=STM*1-PB_7
Added Net: Name=SCL
Added Pin To Net: NetName=SDA Pin=*1-SDA
Added Pin To Net: NetName=SDA Pin=STM*1-PB_6
Added Net: Name=SDA
Added Pin To Net: NetName=trig Pin=D*1-2
Added Pin To Net: NetName=trig Pin=STM*1-PB_11
Added Net: Name=trig
Added Class: Name=SchematicTask9
Added Room: Name=SchematicTask9
